2025-09-25 13:20:34,215 - uvicorn.error - INFO - Started server process [18560]
2025-09-25 13:20:34,215 - uvicorn.error - INFO - Waiting for application startup.
2025-09-25 13:20:34,216 - uvicorn.error - INFO - Application startup complete.
2025-09-25 13:36:18,351 - uvicorn.error - INFO - Shutting down
2025-09-25 13:37:25,434 - uvicorn.error - INFO - Started server process [15864]
2025-09-25 13:37:25,435 - uvicorn.error - INFO - Waiting for application startup.
2025-09-25 13:37:25,435 - uvicorn.error - INFO - Application startup complete.
2025-09-25 13:45:12,751 - uvicorn.error - INFO - Started server process [23600]
2025-09-25 13:45:12,752 - uvicorn.error - INFO - Waiting for application startup.
2025-09-25 13:45:12,752 - uvicorn.error - INFO - Application startup complete.
2025-09-25 13:46:45,744 - uvicorn.error - INFO - Started server process [5036]
2025-09-25 13:46:45,744 - uvicorn.error - INFO - Waiting for application startup.
2025-09-25 13:46:45,745 - uvicorn.error - INFO - Application startup complete.
2025-09-25 13:50:15,206 - uvicorn.error - INFO - Started server process [15616]
2025-09-25 13:50:15,206 - uvicorn.error - INFO - Waiting for application startup.
2025-09-25 13:50:15,207 - uvicorn.error - INFO - Application startup complete.
2025-09-25 13:56:21,787 - uvicorn.error - INFO - Started server process [26428]
2025-09-25 13:56:21,787 - uvicorn.error - INFO - Waiting for application startup.
2025-09-25 13:56:21,788 - uvicorn.error - INFO - Application startup complete.
2025-09-25 14:08:14,765 - uvicorn.error - INFO - Started server process [16044]
2025-09-25 14:08:14,766 - uvicorn.error - INFO - Waiting for application startup.
2025-09-25 14:08:14,767 - uvicorn.error - INFO - Application startup complete.
2025-09-25 14:28:51,192 - uvicorn.error - INFO - Started server process [19960]
2025-09-25 14:28:51,193 - uvicorn.error - INFO - Waiting for application startup.
2025-09-25 14:28:51,193 - src.utils.logging - INFO - Application startup...
2025-09-25 14:28:51,193 - uvicorn.error - INFO - Application startup complete.
2025-09-25 14:45:18,692 - uvicorn.error - INFO - Started server process [22244]
2025-09-25 14:45:18,693 - uvicorn.error - INFO - Waiting for application startup.
2025-09-25 14:45:18,693 - src.utils.logging - INFO - Application startup...
2025-09-25 14:45:18,693 - uvicorn.error - INFO - Application startup complete.
2025-09-25 14:46:06,926 - uvicorn.error - INFO - Shutting down
